{
  "RSpec": {
    "coverage": {
      "/home/krylot/Documents/ecommerce/app/helpers/application_helper.rb": [
        1,
        null,
        1,
        0,
        0,
        null,
        null,
        0,
        null,
        null,
        null,
        null
      ],
      "/home/krylot/Documents/ecommerce/app/controllers/categories_controller.rb": [
        1,
        1,
        1,
        1,
        5,
        5,
        null,
        5,
        5,
        5,
        3,
        3,
        null,
        null,
        null,
        null,
        2,
        2,
        2,
        3,
        null,
        null,
        null,
        null,
        1,
        2,
        2,
        1,
        null,
        1,
        null,
        2,
        null,
        null,
        1,
        1,
        1,
        null,
        0,
        null,
        null,
        null,
        1,
        1,
        1,
        null,
        0,
        null,
        null,
        null,
        1,
        null,
        1,
        3,
        null,
        null,
        1,
        2,
        2,
        null,
        null,
        1,
        0,
        0,
        null,
        null,
        1,
        2,
        4,
        null,
        null,
        null,
        1,
        5,
        2,
        2,
        1,
        null,
        1,
        null,
        null,
        1,
        null,
        2,
        null,
        null,
        null
      ],
      "/home/krylot/Documents/ecommerce/app/controllers/application_controller.rb": [
        1,
        1,
        null,
        1,
        null,
        1,
        0,
        0,
        null,
        null,
        1,
        0,
        0,
        0,
        null,
        0,
        null,
        0,
        null,
        null,
        0,
        null,
        null,
        1,
        0,
        null,
        null
      ],
      "/home/krylot/Documents/ecommerce/app/models/category.rb": [
        1,
        1,
        1,
        2,
        null,
        1,
        null,
        1,
        null,
        1,
        0,
        null,
        null,
        null
      ],
      "/home/krylot/Documents/ecommerce/app/models/product.rb": [
        1,
        1,
        1,
        1,
        1,
        null,
        1,
        null,
        1,
        null,
        2,
        2,
        2,
        null,
        1,
        0,
        null,
        null,
        1,
        0,
        null,
        null,
        1,
        0,
        0,
        null,
        null
      ],
      "/home/krylot/Documents/ecommerce/app/models/comment.rb": [
        1,
        null
      ],
      "/home/krylot/Documents/ecommerce/app/models/cart_detail.rb": [
        1,
        1,
        1,
        null
      ],
      "/home/krylot/Documents/ecommerce/app/jobs/application_job.rb": [
        0,
        0
      ],
      "/home/krylot/Documents/ecommerce/app/jobs/message_broadcast_job.rb": [
        0,
        0,
        0,
        0,
        0,
        0,
        0,
        0,
        0,
        0,
        0,
        0,
        0,
        0
      ],
      "/home/krylot/Documents/ecommerce/app/helpers/products_hepler.rb": [
        0,
        0,
        0,
        0,
        0,
        0,
        0,
        0,
        0,
        0,
        0
      ],
      "/home/krylot/Documents/ecommerce/app/uploaders/image_uploader.rb": [
        0,
        0,
        0,
        0,
        0,
        0,
        0,
        0,
        0,
        0,
        0,
        0,
        0,
        0,
        0,
        0,
        0,
        0,
        0,
        0,
        0,
        0,
        0,
        0,
        0,
        0,
        0,
        0,
        0,
        0,
        0,
        0,
        0,
        0,
        0,
        0,
        0,
        0,
        0,
        0,
        0,
        0,
        0,
        0,
        0,
        0,
        0,
        0,
        0
      ],
      "/home/krylot/Documents/ecommerce/app/controllers/home_controller.rb": [
        0,
        0,
        0,
        0
      ],
      "/home/krylot/Documents/ecommerce/app/controllers/chat_rooms_controller.rb": [
        0,
        0,
        0,
        0,
        0,
        0,
        0,
        0,
        0,
        0,
        0,
        0,
        0,
        0,
        0,
        0,
        0,
        0,
        0,
        0,
        0,
        0,
        0,
        0,
        0,
        0,
        0,
        0,
        0,
        0,
        0,
        0,
        0
      ],
      "/home/krylot/Documents/ecommerce/app/controllers/messages_controller.rb": [
        0,
        0
      ],
      "/home/krylot/Documents/ecommerce/app/controllers/aa.rb": [
        0,
        0,
        0,
        0,
        0,
        0,
        0,
        0,
        0,
        0,
        0,
        0,
        0,
        0,
        0,
        0,
        0,
        0,
        0,
        0,
        0,
        0,
        0,
        0,
        0,
        0,
        0,
        0,
        0,
        0,
        0,
        0,
        0,
        0,
        0,
        0,
        0,
        0,
        0,
        0,
        0,
        0,
        0,
        0,
        0,
        0,
        0,
        0,
        0,
        0,
        0,
        0,
        0,
        0,
        0,
        0,
        0,
        0,
        0,
        0,
        0,
        0,
        0,
        0,
        0,
        0,
        0,
        0,
        0,
        0,
        0,
        0,
        0,
        0
      ],
      "/home/krylot/Documents/ecommerce/app/controllers/products_controller.rb": [
        0,
        0,
        0,
        0,
        0,
        0,
        0,
        0,
        0,
        0,
        0,
        0,
        0,
        0,
        0,
        0,
        0,
        0,
        0,
        0,
        0,
        0,
        0,
        0,
        0,
        0,
        0,
        0,
        0,
        0,
        0,
        0,
        0,
        0,
        0,
        0,
        0,
        0,
        0,
        0,
        0,
        0,
        0,
        0,
        0,
        0,
        0,
        0,
        0,
        0,
        0,
        0,
        0,
        0,
        0,
        0,
        0,
        0,
        0,
        0,
        0,
        0,
        0,
        0,
        0,
        0,
        0,
        0,
        0,
        0,
        0,
        0,
        0,
        0,
        0,
        0,
        0,
        0,
        0,
        0,
        0,
        0,
        0
      ],
      "/home/krylot/Documents/ecommerce/app/controllers/cart_details_controller.rb": [
        0,
        0,
        0,
        0,
        0,
        0,
        0,
        0,
        0,
        0,
        0,
        0,
        0,
        0,
        0,
        0,
        0,
        0,
        0,
        0,
        0,
        0,
        0,
        0,
        0,
        0,
        0,
        0,
        0,
        0,
        0,
        0,
        0,
        0,
        0,
        0,
        0,
        0,
        0,
        0,
        0,
        0,
        0,
        0,
        0,
        0,
        0,
        0,
        0,
        0,
        0,
        0,
        0,
        0,
        0,
        0,
        0,
        0
      ],
      "/home/krylot/Documents/ecommerce/app/controllers/carts_controller.rb": [
        0,
        0,
        0,
        0,
        0,
        0,
        0,
        0,
        0,
        0,
        0,
        0,
        0,
        0,
        0,
        0,
        0,
        0,
        0,
        0,
        0,
        0,
        0,
        0,
        0,
        0,
        0,
        0,
        0,
        0
      ],
      "/home/krylot/Documents/ecommerce/app/models/application_record.rb": [
        0,
        0,
        0
      ],
      "/home/krylot/Documents/ecommerce/app/models/chat_room.rb": [
        0,
        0,
        0,
        0
      ],
      "/home/krylot/Documents/ecommerce/app/models/ability.rb": [
        0,
        0,
        0,
        0,
        0,
        0,
        0,
        0,
        0,
        0,
        0,
        0,
        0,
        0,
        0,
        0,
        0,
        0,
        0,
        0,
        0,
        0,
        0,
        0,
        0,
        0,
        0,
        0,
        0,
        0,
        0,
        0
      ],
      "/home/krylot/Documents/ecommerce/app/models/picture.rb": [
        0,
        0,
        0,
        0,
        0,
        0,
        0
      ],
      "/home/krylot/Documents/ecommerce/app/models/message.rb": [
        0,
        0,
        0,
        0,
        0,
        0,
        0,
        0,
        0,
        0,
        0,
        0,
        0
      ],
      "/home/krylot/Documents/ecommerce/app/models/user.rb": [
        0,
        0,
        0,
        0,
        0,
        0,
        0,
        0,
        0,
        0,
        0,
        0,
        0,
        0,
        0,
        0,
        0
      ],
      "/home/krylot/Documents/ecommerce/app/models/suggestion.rb": [
        0,
        0,
        0
      ],
      "/home/krylot/Documents/ecommerce/app/models/cart.rb": [
        0,
        0,
        0,
        0
      ],
      "/home/krylot/Documents/ecommerce/app/channels/chat_rooms_channel.rb": [
        0,
        0,
        0,
        0,
        0,
        0,
        0,
        0,
        0,
        0,
        0,
        0,
        0,
        0
      ],
      "/home/krylot/Documents/ecommerce/app/channels/application_cable/connection.rb": [
        0,
        0,
        0,
        0,
        0,
        0,
        0,
        0,
        0,
        0,
        0,
        0,
        0,
        0,
        0,
        0,
        0,
        0,
        0,
        0
      ],
      "/home/krylot/Documents/ecommerce/app/channels/application_cable/channel.rb": [
        0,
        0,
        0,
        0
      ],
      "/home/krylot/Documents/ecommerce/app/services/add_product_session_service.rb": [
        0,
        0,
        0,
        0,
        0,
        0,
        0,
        0,
        0,
        0,
        0,
        0,
        0,
        0,
        0
      ],
      "/home/krylot/Documents/ecommerce/app/mailers/application_mailer.rb": [
        0,
        0,
        0,
        0
      ]
    },
    "timestamp": 1500363402
  }
}
